{"/home/mg/Desktop/JavaScript_ObjectOrientedProgramming/basic_setup/sum.js": {"path":"/home/mg/Desktop/JavaScript_ObjectOrientedProgramming/basic_setup/sum.js","statementMap":{"0":{"start":{"line":2,"column":2},"end":{"line":2,"column":15}},"1":{"start":{"line":5,"column":2},"end":{"line":5,"column":30}},"2":{"start":{"line":8,"column":2},"end":{"line":8,"column":34}},"3":{"start":{"line":11,"column":2},"end":{"line":11,"column":34}},"4":{"start":{"line":14,"column":0},"end":{"line":14,"column":19}},"5":{"start":{"line":15,"column":0},"end":{"line":15,"column":25}},"6":{"start":{"line":16,"column":0},"end":{"line":16,"column":63}},"7":{"start":{"line":17,"column":0},"end":{"line":17,"column":63}},"8":{"start":{"line":18,"column":0},"end":{"line":18,"column":33}}},"fnMap":{"0":{"name":"sum","decl":{"start":{"line":1,"column":9},"end":{"line":1,"column":12}},"loc":{"start":{"line":1,"column":19},"end":{"line":3,"column":1}},"line":1},"1":{"name":"convertFromMeterToJard","decl":{"start":{"line":4,"column":9},"end":{"line":4,"column":31}},"loc":{"start":{"line":4,"column":39},"end":{"line":6,"column":1}},"line":4},"2":{"name":"convertFromJardToMeter","decl":{"start":{"line":7,"column":9},"end":{"line":7,"column":31}},"loc":{"start":{"line":7,"column":38},"end":{"line":9,"column":1}},"line":7},"3":{"name":"convert","decl":{"start":{"line":10,"column":9},"end":{"line":10,"column":16}},"loc":{"start":{"line":10,"column":43},"end":{"line":12,"column":1}},"line":10}},"branchMap":{},"s":{"0":4,"1":4,"2":0,"3":5,"4":1,"5":1,"6":1,"7":1,"8":1},"f":{"0":4,"1":4,"2":0,"3":5},"b":{},"_coverageSchema":"1a1c01bbd47fc00a2c39e90264f33305004495a9","hash":"5ca4c84766dcd5b5aab91f5d44df21981bbd94cf"}
}
